{"timestamp":"2026-01-24T01:46:17.555376Z","level":"info","event":"DAG bundles loaded: dags-folder","logger":"airflow.dag_processing.bundles.manager.DagBundlesManager","filename":"manager.py","lineno":179}
{"timestamp":"2026-01-24T01:46:17.563806Z","level":"info","event":"Filling up the DagBag from /opt/airflow/dags/ingestdata_to_gcs.py","logger":"airflow.models.dagbag.DagBag","filename":"dagbag.py","lineno":593}
{"timestamp":"2026-01-24T01:46:31.605989Z","level":"warning","event":"The `airflow.operators.bash.BashOperator` attribute is deprecated. Please use `'airflow.providers.standard.operators.bash.BashOperator'`.","category":"DeprecatedImportWarning","filename":"/opt/airflow/dags/ingestdata_to_gcs.py","lineno":4,"logger":"py.warnings"}
{"timestamp":"2026-01-24T01:46:31.606763Z","level":"warning","event":"The `airflow.operators.python.PythonOperator` attribute is deprecated. Please use `'airflow.providers.standard.operators.python.PythonOperator'`.","category":"DeprecatedImportWarning","filename":"/opt/airflow/dags/ingestdata_to_gcs.py","lineno":5,"logger":"py.warnings"}
{"timestamp":"2026-01-24T01:46:31.701454Z","level":"info","event":"Can only accept source files in CSV format, for the moment","logger":"task.stdout"}
{"timestamp":"2026-01-24T01:46:31.704110Z","level":"info","event":"Done. Returned value was: None","logger":"airflow.task.operators.airflow.providers.standard.operators.python.PythonOperator","filename":"python.py","lineno":216}
{"timestamp":"2026-01-24T02:15:46.058104Z","level":"info","event":"DAG bundles loaded: dags-folder","logger":"airflow.dag_processing.bundles.manager.DagBundlesManager","filename":"manager.py","lineno":179}
{"timestamp":"2026-01-24T02:15:46.060197Z","level":"info","event":"Filling up the DagBag from /opt/airflow/dags/ingestdata_to_gcs.py","logger":"airflow.models.dagbag.DagBag","filename":"dagbag.py","lineno":593}
{"timestamp":"2026-01-24T02:16:10.515524Z","level":"warning","event":"The `airflow.operators.bash.BashOperator` attribute is deprecated. Please use `'airflow.providers.standard.operators.bash.BashOperator'`.","category":"DeprecatedImportWarning","filename":"/opt/airflow/dags/ingestdata_to_gcs.py","lineno":4,"logger":"py.warnings"}
{"timestamp":"2026-01-24T02:16:10.532144Z","level":"warning","event":"The `airflow.operators.python.PythonOperator` attribute is deprecated. Please use `'airflow.providers.standard.operators.python.PythonOperator'`.","category":"DeprecatedImportWarning","filename":"/opt/airflow/dags/ingestdata_to_gcs.py","lineno":5,"logger":"py.warnings"}
{"timestamp":"2026-01-24T02:16:11.379502Z","level":"info","event":"Can only accept source files in CSV format, for the moment","logger":"task.stdout"}
{"timestamp":"2026-01-24T02:16:11.398935Z","level":"info","event":"Done. Returned value was: None","logger":"airflow.task.operators.airflow.providers.standard.operators.python.PythonOperator","filename":"python.py","lineno":216}
{"timestamp":"2026-01-24T02:30:34.198043Z","level":"info","event":"DAG bundles loaded: dags-folder","logger":"airflow.dag_processing.bundles.manager.DagBundlesManager","filename":"manager.py","lineno":179}
{"timestamp":"2026-01-24T02:30:34.201939Z","level":"info","event":"Filling up the DagBag from /opt/airflow/dags/ingestdata_to_gcs.py","logger":"airflow.models.dagbag.DagBag","filename":"dagbag.py","lineno":593}
{"timestamp":"2026-01-24T02:30:42.869626Z","level":"warning","event":"The `airflow.operators.bash.BashOperator` attribute is deprecated. Please use `'airflow.providers.standard.operators.bash.BashOperator'`.","category":"DeprecatedImportWarning","filename":"/opt/airflow/dags/ingestdata_to_gcs.py","lineno":4,"logger":"py.warnings"}
{"timestamp":"2026-01-24T02:30:42.869846Z","level":"warning","event":"The `airflow.operators.python.PythonOperator` attribute is deprecated. Please use `'airflow.providers.standard.operators.python.PythonOperator'`.","category":"DeprecatedImportWarning","filename":"/opt/airflow/dags/ingestdata_to_gcs.py","lineno":5,"logger":"py.warnings"}
{"timestamp":"2026-01-24T02:30:42.916565Z","level":"info","event":"Can only accept source files in CSV format, for the moment","logger":"task.stdout"}
{"timestamp":"2026-01-24T02:30:42.919621Z","level":"info","event":"Done. Returned value was: None","logger":"airflow.task.operators.airflow.providers.standard.operators.python.PythonOperator","filename":"python.py","lineno":216}
{"timestamp":"2026-01-24T02:54:53.173622Z","level":"info","event":"DAG bundles loaded: dags-folder","logger":"airflow.dag_processing.bundles.manager.DagBundlesManager","filename":"manager.py","lineno":179}
{"timestamp":"2026-01-24T02:54:53.186400Z","level":"info","event":"Filling up the DagBag from /opt/airflow/dags/ingestdata_to_gcs.py","logger":"airflow.models.dagbag.DagBag","filename":"dagbag.py","lineno":593}
{"timestamp":"2026-01-24T02:55:00.258445Z","level":"warning","event":"The `airflow.operators.bash.BashOperator` attribute is deprecated. Please use `'airflow.providers.standard.operators.bash.BashOperator'`.","category":"DeprecatedImportWarning","filename":"/opt/airflow/dags/ingestdata_to_gcs.py","lineno":4,"logger":"py.warnings"}
{"timestamp":"2026-01-24T02:55:00.258639Z","level":"warning","event":"The `airflow.operators.python.PythonOperator` attribute is deprecated. Please use `'airflow.providers.standard.operators.python.PythonOperator'`.","category":"DeprecatedImportWarning","filename":"/opt/airflow/dags/ingestdata_to_gcs.py","lineno":5,"logger":"py.warnings"}
{"timestamp":"2026-01-24T02:55:00.288689Z","level":"info","event":"Can only accept source files in CSV format, for the moment","logger":"task.stdout"}
{"timestamp":"2026-01-24T02:55:00.291580Z","level":"info","event":"Done. Returned value was: None","logger":"airflow.task.operators.airflow.providers.standard.operators.python.PythonOperator","filename":"python.py","lineno":216}
{"timestamp":"2026-01-24T04:04:09.670594Z","level":"info","event":"DAG bundles loaded: dags-folder","logger":"airflow.dag_processing.bundles.manager.DagBundlesManager","filename":"manager.py","lineno":179}
{"timestamp":"2026-01-24T04:04:09.723627Z","level":"info","event":"Filling up the DagBag from /opt/airflow/dags/ingestdata_to_gcs.py","logger":"airflow.models.dagbag.DagBag","filename":"dagbag.py","lineno":593}
{"timestamp":"2026-01-24T04:04:17.758914Z","level":"warning","event":"The `airflow.operators.bash.BashOperator` attribute is deprecated. Please use `'airflow.providers.standard.operators.bash.BashOperator'`.","category":"DeprecatedImportWarning","filename":"/opt/airflow/dags/ingestdata_to_gcs.py","lineno":4,"logger":"py.warnings"}
{"timestamp":"2026-01-24T04:04:17.759091Z","level":"warning","event":"The `airflow.operators.python.PythonOperator` attribute is deprecated. Please use `'airflow.providers.standard.operators.python.PythonOperator'`.","category":"DeprecatedImportWarning","filename":"/opt/airflow/dags/ingestdata_to_gcs.py","lineno":5,"logger":"py.warnings"}
{"timestamp":"2026-01-24T04:04:17.818528Z","level":"info","event":"Can only accept source files in CSV format, for the moment","logger":"task.stdout"}
{"timestamp":"2026-01-24T04:04:17.820910Z","level":"info","event":"Done. Returned value was: None","logger":"airflow.task.operators.airflow.providers.standard.operators.python.PythonOperator","filename":"python.py","lineno":216}
{"timestamp":"2026-01-24T04:26:47.069871Z","level":"info","event":"DAG bundles loaded: dags-folder","logger":"airflow.dag_processing.bundles.manager.DagBundlesManager","filename":"manager.py","lineno":179}
{"timestamp":"2026-01-24T04:26:47.071818Z","level":"info","event":"Filling up the DagBag from /opt/airflow/dags/ingestdata_to_gcs.py","logger":"airflow.models.dagbag.DagBag","filename":"dagbag.py","lineno":593}
{"timestamp":"2026-01-24T04:26:59.828850Z","level":"warning","event":"The `airflow.operators.bash.BashOperator` attribute is deprecated. Please use `'airflow.providers.standard.operators.bash.BashOperator'`.","category":"DeprecatedImportWarning","filename":"/opt/airflow/dags/ingestdata_to_gcs.py","lineno":4,"logger":"py.warnings"}
{"timestamp":"2026-01-24T04:26:59.829445Z","level":"warning","event":"The `airflow.operators.python.PythonOperator` attribute is deprecated. Please use `'airflow.providers.standard.operators.python.PythonOperator'`.","category":"DeprecatedImportWarning","filename":"/opt/airflow/dags/ingestdata_to_gcs.py","lineno":5,"logger":"py.warnings"}
{"timestamp":"2026-01-24T04:26:59.978565Z","level":"info","event":"Can only accept source files in CSV format, for the moment","logger":"task.stdout"}
{"timestamp":"2026-01-24T04:26:59.981209Z","level":"info","event":"Done. Returned value was: None","logger":"airflow.task.operators.airflow.providers.standard.operators.python.PythonOperator","filename":"python.py","lineno":216}
{"timestamp":"2026-01-24T04:39:50.963874Z","level":"info","event":"DAG bundles loaded: dags-folder","logger":"airflow.dag_processing.bundles.manager.DagBundlesManager","filename":"manager.py","lineno":179}
{"timestamp":"2026-01-24T04:39:50.970915Z","level":"info","event":"Filling up the DagBag from /opt/airflow/dags/ingestdata_to_gcs.py","logger":"airflow.models.dagbag.DagBag","filename":"dagbag.py","lineno":593}
{"timestamp":"2026-01-24T04:40:03.140808Z","level":"warning","event":"The `airflow.operators.bash.BashOperator` attribute is deprecated. Please use `'airflow.providers.standard.operators.bash.BashOperator'`.","category":"DeprecatedImportWarning","filename":"/opt/airflow/dags/ingestdata_to_gcs.py","lineno":4,"logger":"py.warnings"}
{"timestamp":"2026-01-24T04:40:03.141042Z","level":"warning","event":"The `airflow.operators.python.PythonOperator` attribute is deprecated. Please use `'airflow.providers.standard.operators.python.PythonOperator'`.","category":"DeprecatedImportWarning","filename":"/opt/airflow/dags/ingestdata_to_gcs.py","lineno":5,"logger":"py.warnings"}
{"timestamp":"2026-01-24T04:40:03.277711Z","level":"info","event":"Can only accept source files in CSV format, for the moment","logger":"task.stdout"}
{"timestamp":"2026-01-24T04:40:03.279210Z","level":"info","event":"Done. Returned value was: None","logger":"airflow.task.operators.airflow.providers.standard.operators.python.PythonOperator","filename":"python.py","lineno":216}
{"timestamp":"2026-01-24T05:17:21.080905Z","level":"info","event":"DAG bundles loaded: dags-folder","logger":"airflow.dag_processing.bundles.manager.DagBundlesManager","filename":"manager.py","lineno":179}
{"timestamp":"2026-01-24T05:17:21.084435Z","level":"info","event":"Filling up the DagBag from /opt/airflow/dags/ingestdata_to_gcs.py","logger":"airflow.models.dagbag.DagBag","filename":"dagbag.py","lineno":593}
{"timestamp":"2026-01-24T05:17:26.787599Z","level":"warning","event":"The `airflow.operators.bash.BashOperator` attribute is deprecated. Please use `'airflow.providers.standard.operators.bash.BashOperator'`.","category":"DeprecatedImportWarning","filename":"/opt/airflow/dags/ingestdata_to_gcs.py","lineno":4,"logger":"py.warnings"}
{"timestamp":"2026-01-24T05:17:26.787805Z","level":"warning","event":"The `airflow.operators.python.PythonOperator` attribute is deprecated. Please use `'airflow.providers.standard.operators.python.PythonOperator'`.","category":"DeprecatedImportWarning","filename":"/opt/airflow/dags/ingestdata_to_gcs.py","lineno":5,"logger":"py.warnings"}
{"timestamp":"2026-01-24T05:18:09.490098Z","level":"warning","event":"Columns (6) have mixed types. Specify dtype option on import or set low_memory=False.","category":"DtypeWarning","filename":"/opt/airflow/dags/ingestdata_to_gcs.py","lineno":30,"logger":"py.warnings"}
{"timestamp":"2026-01-24T05:18:49.588116Z","level":"error","event":"Task failed with exception","logger":"task","filename":"task_runner.py","lineno":1078,"error_detail":[{"exc_type":"AttributeError","exc_value":"'DataFrame' object has no attribute 'schema'","exc_notes":[],"syntax_error":null,"is_cause":false,"frames":[{"filename":"/home/airflow/.local/lib/python3.12/site-packages/airflow/sdk/execution_time/task_runner.py","lineno":1004,"name":"run"},{"filename":"/home/airflow/.local/lib/python3.12/site-packages/airflow/sdk/execution_time/task_runner.py","lineno":1405,"name":"_execute_task"},{"filename":"/home/airflow/.local/lib/python3.12/site-packages/airflow/sdk/bases/operator.py","lineno":417,"name":"wrapper"},{"filename":"/home/airflow/.local/lib/python3.12/site-packages/airflow/providers/standard/operators/python.py","lineno":214,"name":"execute"},{"filename":"/home/airflow/.local/lib/python3.12/site-packages/airflow/providers/standard/operators/python.py","lineno":237,"name":"execute_callable"},{"filename":"/home/airflow/.local/lib/python3.12/site-packages/airflow/sdk/execution_time/callback_runner.py","lineno":82,"name":"run"},{"filename":"/opt/airflow/dags/ingestdata_to_gcs.py","lineno":31,"name":"format_to_parquet"},{"filename":"/home/airflow/.local/lib/python3.12/site-packages/pyarrow/parquet/core.py","lineno":1903,"name":"write_table"},{"filename":"/home/airflow/.local/lib/python3.12/site-packages/pandas/core/generic.py","lineno":6204,"name":"__getattr__"}],"is_group":false,"exceptions":[]}]}
{"timestamp":"2026-01-24T06:26:31.454004Z","level":"info","event":"DAG bundles loaded: dags-folder","logger":"airflow.dag_processing.bundles.manager.DagBundlesManager","filename":"manager.py","lineno":179}
{"timestamp":"2026-01-24T06:26:31.460671Z","level":"info","event":"Filling up the DagBag from /opt/airflow/dags/ingestdata_to_gcs.py","logger":"airflow.models.dagbag.DagBag","filename":"dagbag.py","lineno":593}
{"timestamp":"2026-01-24T06:26:46.599465Z","level":"warning","event":"The `airflow.operators.bash.BashOperator` attribute is deprecated. Please use `'airflow.providers.standard.operators.bash.BashOperator'`.","category":"DeprecatedImportWarning","filename":"/opt/airflow/dags/ingestdata_to_gcs.py","lineno":4,"logger":"py.warnings"}
{"timestamp":"2026-01-24T06:26:46.599638Z","level":"warning","event":"The `airflow.operators.python.PythonOperator` attribute is deprecated. Please use `'airflow.providers.standard.operators.python.PythonOperator'`.","category":"DeprecatedImportWarning","filename":"/opt/airflow/dags/ingestdata_to_gcs.py","lineno":5,"logger":"py.warnings"}
{"timestamp":"2026-01-24T06:27:06.915808Z","level":"warning","event":"Columns (6) have mixed types. Specify dtype option on import or set low_memory=False.","category":"DtypeWarning","filename":"/opt/airflow/dags/ingestdata_to_gcs.py","lineno":30,"logger":"py.warnings"}
{"timestamp":"2026-01-24T06:27:39.862586Z","level":"info","event":"Done. Returned value was: None","logger":"airflow.task.operators.airflow.providers.standard.operators.python.PythonOperator","filename":"python.py","lineno":216}
{"timestamp":"2026-01-24T23:28:44.237056Z","level":"info","event":"DAG bundles loaded: dags-folder","logger":"airflow.dag_processing.bundles.manager.DagBundlesManager","filename":"manager.py","lineno":179}
{"timestamp":"2026-01-24T23:28:44.255582Z","level":"info","event":"Filling up the DagBag from /opt/airflow/dags/ingestdata_to_gcs.py","logger":"airflow.models.dagbag.DagBag","filename":"dagbag.py","lineno":593}
{"timestamp":"2026-01-24T23:28:55.109398Z","level":"warning","event":"The `airflow.operators.bash.BashOperator` attribute is deprecated. Please use `'airflow.providers.standard.operators.bash.BashOperator'`.","category":"DeprecatedImportWarning","filename":"/opt/airflow/dags/ingestdata_to_gcs.py","lineno":4,"logger":"py.warnings"}
{"timestamp":"2026-01-24T23:28:55.109568Z","level":"warning","event":"The `airflow.operators.python.PythonOperator` attribute is deprecated. Please use `'airflow.providers.standard.operators.python.PythonOperator'`.","category":"DeprecatedImportWarning","filename":"/opt/airflow/dags/ingestdata_to_gcs.py","lineno":5,"logger":"py.warnings"}
{"timestamp":"2026-01-24T23:29:15.958801Z","level":"warning","event":"Columns (6) have mixed types. Specify dtype option on import or set low_memory=False.","category":"DtypeWarning","filename":"/opt/airflow/dags/ingestdata_to_gcs.py","lineno":30,"logger":"py.warnings"}
{"timestamp":"2026-01-24T23:29:54.637769Z","level":"info","event":"Done. Returned value was: None","logger":"airflow.task.operators.airflow.providers.standard.operators.python.PythonOperator","filename":"python.py","lineno":216}
